<?xml version="1.0" encoding="UTF-8"?>
<!-- Generated by org.testng.reporters.JUnitReportReporter -->
<testsuite hostname="mindallb794" failures="0" tests="1" name="runner.MulBrowser" time="1.931" errors="0" timestamp="2022-11-15T13:51:13 GMT+05:30" skipped="0">
  <testcase classname="runner.MulBrowser" name="test1" time="1.931"/>
  <system-out/>
</testsuite> <!-- runner.MulBrowser -->
